u:\wales\thetis-2.9.0\project files\lib\portaudio\msvc\win32\debug\vc143.pdb
u:\wales\thetis-2.9.0\project files\lib\portaudio\msvc\win32\debug\vc143.idb
u:\wales\thetis-2.9.0\project files\lib\portaudio\msvc\win32\debug\pa_win_waveformat.obj
u:\wales\thetis-2.9.0\project files\lib\portaudio\msvc\win32\debug\pa_win_util.obj
u:\wales\thetis-2.9.0\project files\lib\portaudio\msvc\win32\debug\pa_win_hostapis.obj
u:\wales\thetis-2.9.0\project files\lib\portaudio\msvc\win32\debug\pa_win_coinitialize.obj
u:\wales\thetis-2.9.0\project files\lib\portaudio\msvc\win32\debug\pa_win_wmme.obj
u:\wales\thetis-2.9.0\project files\lib\portaudio\msvc\win32\debug\pa_win_wdmks.obj
u:\wales\thetis-2.9.0\project files\lib\portaudio\msvc\win32\debug\pa_win_wasapi.obj
u:\wales\thetis-2.9.0\project files\lib\portaudio\msvc\win32\debug\pa_hostapi_skeleton.obj
u:\wales\thetis-2.9.0\project files\lib\portaudio\msvc\win32\debug\pa_win_ds_dynlink.obj
u:\wales\thetis-2.9.0\project files\lib\portaudio\msvc\win32\debug\pa_win_ds.obj
u:\wales\thetis-2.9.0\project files\lib\portaudio\msvc\win32\debug\pa_trace.obj
u:\wales\thetis-2.9.0\project files\lib\portaudio\msvc\win32\debug\pa_stream.obj
u:\wales\thetis-2.9.0\project files\lib\portaudio\msvc\win32\debug\pa_ringbuffer.obj
u:\wales\thetis-2.9.0\project files\lib\portaudio\msvc\win32\debug\pa_process.obj
u:\wales\thetis-2.9.0\project files\lib\portaudio\msvc\win32\debug\pa_front.obj
u:\wales\thetis-2.9.0\project files\lib\portaudio\msvc\win32\debug\pa_dither.obj
u:\wales\thetis-2.9.0\project files\lib\portaudio\msvc\win32\debug\pa_debugprint.obj
u:\wales\thetis-2.9.0\project files\lib\portaudio\msvc\win32\debug\pa_cpuload.obj
u:\wales\thetis-2.9.0\project files\lib\portaudio\msvc\win32\debug\pa_converters.obj
u:\wales\thetis-2.9.0\project files\lib\portaudio\msvc\win32\debug\pa_allocation.obj
u:\wales\thetis-2.9.0\project files\lib\portaudio\msvc\win32\debug\pa_x86_plain_converters.obj
u:\wales\thetis-2.9.0\project files\lib\portaudio\msvc\win32\debug\pa_win_wdmks_utils.obj
u:\wales\thetis-2.9.0\project files\lib\portaudio\msvc\win32\debug\pa_asio.obj
u:\wales\thetis-2.9.0\project files\lib\portaudio\msvc\win32\debug\asiolist.obj
u:\wales\thetis-2.9.0\project files\lib\portaudio\msvc\win32\debug\asiodrivers.obj
u:\wales\thetis-2.9.0\project files\lib\portaudio\msvc\win32\debug\asio.obj
u:\wales\thetis-2.9.0\project files\bin\x86\debug\portaudio.lib
u:\wales\thetis-2.9.0\project files\bin\x86\debug\portaudio.exp
u:\wales\thetis-2.9.0\project files\lib\portaudio\msvc\win32\debug\portaudio.ilk
u:\wales\thetis-2.9.0\project files\bin\x86\debug\portaudio.dll
u:\wales\thetis-2.9.0\project files\lib\portaudio\msvc\win32\debug\portaudio_x86.pdb
c:\users\user\documents\thetis-2.9.0\wd5y_thetis_new_2023\thetis_wd5y_april_2023\thetis-2.9.0-master_wd5y-4.29.23\thetis-2.9.0-master\project files\lib\portaudio\msvc\win32\debug\portaudio.ilk
c:\users\user\documents\thetis-2.9.0\wd5y_thetis_new_2023\thetis_wd5y_april_2023\thetis-2.9.0-master_wd5y-4.29.23\thetis-2.9.0-master\project files\lib\portaudio\msvc\win32\debug\vc143.idb
c:\users\user\documents\thetis-2.9.0\wd5y_thetis_new_2023\thetis_wd5y_april_2023\thetis-2.9.0-master_wd5y-4.29.23\thetis-2.9.0-master\project files\lib\portaudio\msvc\win32\debug\portaudio.tlog\cl.command.1.tlog
c:\users\user\documents\thetis-2.9.0\wd5y_thetis_new_2023\thetis_wd5y_april_2023\thetis-2.9.0-master_wd5y-4.29.23\thetis-2.9.0-master\project files\lib\portaudio\msvc\win32\debug\portaudio.tlog\cl.read.1.tlog
c:\users\user\documents\thetis-2.9.0\wd5y_thetis_new_2023\thetis_wd5y_april_2023\thetis-2.9.0-master_wd5y-4.29.23\thetis-2.9.0-master\project files\lib\portaudio\msvc\win32\debug\portaudio.tlog\cl.write.1.tlog
c:\users\user\documents\thetis-2.9.0\wd5y_thetis_new_2023\thetis_wd5y_april_2023\thetis-2.9.0-master_wd5y-4.29.23\thetis-2.9.0-master\project files\lib\portaudio\msvc\win32\debug\portaudio.tlog\link.command.1.tlog
c:\users\user\documents\thetis-2.9.0\wd5y_thetis_new_2023\thetis_wd5y_april_2023\thetis-2.9.0-master_wd5y-4.29.23\thetis-2.9.0-master\project files\lib\portaudio\msvc\win32\debug\portaudio.tlog\link.read.1.tlog
c:\users\user\documents\thetis-2.9.0\wd5y_thetis_new_2023\thetis_wd5y_april_2023\thetis-2.9.0-master_wd5y-4.29.23\thetis-2.9.0-master\project files\lib\portaudio\msvc\win32\debug\portaudio.tlog\link.write.1.tlog
c:\users\user\documents\thetis-2.9.0\wd5y_thetis_new_2023\thetis_wd5y_april_2023\thetis-2.9.0-master_wd5y-4.29.23\thetis-2.9.0-master\project files\lib\portaudio\msvc\win32\debug\portaudio.tlog\link.write.2u.tlog
