c:\users\user\documents\thetis-2.9.0\wd5y_thetis_new_2023\thetis_wd5y_may_2023\thetis-2.9.0-master_wd5y-5.21.23\thetis-2.9.0-master\project files\lib\portaudio\msvc\x64\debug\vc143.pdb
c:\users\user\documents\thetis-2.9.0\wd5y_thetis_new_2023\thetis_wd5y_may_2023\thetis-2.9.0-master_wd5y-5.21.23\thetis-2.9.0-master\project files\lib\portaudio\msvc\x64\debug\pa_win_waveformat.obj
c:\users\user\documents\thetis-2.9.0\wd5y_thetis_new_2023\thetis_wd5y_may_2023\thetis-2.9.0-master_wd5y-5.21.23\thetis-2.9.0-master\project files\lib\portaudio\msvc\x64\debug\pa_win_util.obj
c:\users\user\documents\thetis-2.9.0\wd5y_thetis_new_2023\thetis_wd5y_may_2023\thetis-2.9.0-master_wd5y-5.21.23\thetis-2.9.0-master\project files\lib\portaudio\msvc\x64\debug\pa_win_hostapis.obj
c:\users\user\documents\thetis-2.9.0\wd5y_thetis_new_2023\thetis_wd5y_may_2023\thetis-2.9.0-master_wd5y-5.21.23\thetis-2.9.0-master\project files\lib\portaudio\msvc\x64\debug\pa_win_coinitialize.obj
c:\users\user\documents\thetis-2.9.0\wd5y_thetis_new_2023\thetis_wd5y_may_2023\thetis-2.9.0-master_wd5y-5.21.23\thetis-2.9.0-master\project files\lib\portaudio\msvc\x64\debug\pa_win_wmme.obj
c:\users\user\documents\thetis-2.9.0\wd5y_thetis_new_2023\thetis_wd5y_may_2023\thetis-2.9.0-master_wd5y-5.21.23\thetis-2.9.0-master\project files\lib\portaudio\msvc\x64\debug\pa_win_wdmks.obj
c:\users\user\documents\thetis-2.9.0\wd5y_thetis_new_2023\thetis_wd5y_may_2023\thetis-2.9.0-master_wd5y-5.21.23\thetis-2.9.0-master\project files\lib\portaudio\msvc\x64\debug\pa_win_wasapi.obj
c:\users\user\documents\thetis-2.9.0\wd5y_thetis_new_2023\thetis_wd5y_may_2023\thetis-2.9.0-master_wd5y-5.21.23\thetis-2.9.0-master\project files\lib\portaudio\msvc\x64\debug\pa_hostapi_skeleton.obj
c:\users\user\documents\thetis-2.9.0\wd5y_thetis_new_2023\thetis_wd5y_may_2023\thetis-2.9.0-master_wd5y-5.21.23\thetis-2.9.0-master\project files\lib\portaudio\msvc\x64\debug\pa_win_ds_dynlink.obj
c:\users\user\documents\thetis-2.9.0\wd5y_thetis_new_2023\thetis_wd5y_may_2023\thetis-2.9.0-master_wd5y-5.21.23\thetis-2.9.0-master\project files\lib\portaudio\msvc\x64\debug\pa_win_ds.obj
c:\users\user\documents\thetis-2.9.0\wd5y_thetis_new_2023\thetis_wd5y_may_2023\thetis-2.9.0-master_wd5y-5.21.23\thetis-2.9.0-master\project files\lib\portaudio\msvc\x64\debug\pa_trace.obj
c:\users\user\documents\thetis-2.9.0\wd5y_thetis_new_2023\thetis_wd5y_may_2023\thetis-2.9.0-master_wd5y-5.21.23\thetis-2.9.0-master\project files\lib\portaudio\msvc\x64\debug\pa_stream.obj
c:\users\user\documents\thetis-2.9.0\wd5y_thetis_new_2023\thetis_wd5y_may_2023\thetis-2.9.0-master_wd5y-5.21.23\thetis-2.9.0-master\project files\lib\portaudio\msvc\x64\debug\pa_ringbuffer.obj
c:\users\user\documents\thetis-2.9.0\wd5y_thetis_new_2023\thetis_wd5y_may_2023\thetis-2.9.0-master_wd5y-5.21.23\thetis-2.9.0-master\project files\lib\portaudio\msvc\x64\debug\pa_process.obj
c:\users\user\documents\thetis-2.9.0\wd5y_thetis_new_2023\thetis_wd5y_may_2023\thetis-2.9.0-master_wd5y-5.21.23\thetis-2.9.0-master\project files\lib\portaudio\msvc\x64\debug\pa_front.obj
c:\users\user\documents\thetis-2.9.0\wd5y_thetis_new_2023\thetis_wd5y_may_2023\thetis-2.9.0-master_wd5y-5.21.23\thetis-2.9.0-master\project files\lib\portaudio\msvc\x64\debug\pa_dither.obj
c:\users\user\documents\thetis-2.9.0\wd5y_thetis_new_2023\thetis_wd5y_may_2023\thetis-2.9.0-master_wd5y-5.21.23\thetis-2.9.0-master\project files\lib\portaudio\msvc\x64\debug\pa_debugprint.obj
c:\users\user\documents\thetis-2.9.0\wd5y_thetis_new_2023\thetis_wd5y_may_2023\thetis-2.9.0-master_wd5y-5.21.23\thetis-2.9.0-master\project files\lib\portaudio\msvc\x64\debug\pa_cpuload.obj
c:\users\user\documents\thetis-2.9.0\wd5y_thetis_new_2023\thetis_wd5y_may_2023\thetis-2.9.0-master_wd5y-5.21.23\thetis-2.9.0-master\project files\lib\portaudio\msvc\x64\debug\pa_converters.obj
c:\users\user\documents\thetis-2.9.0\wd5y_thetis_new_2023\thetis_wd5y_may_2023\thetis-2.9.0-master_wd5y-5.21.23\thetis-2.9.0-master\project files\lib\portaudio\msvc\x64\debug\pa_allocation.obj
c:\users\user\documents\thetis-2.9.0\wd5y_thetis_new_2023\thetis_wd5y_may_2023\thetis-2.9.0-master_wd5y-5.21.23\thetis-2.9.0-master\project files\lib\portaudio\msvc\x64\debug\pa_x86_plain_converters.obj
c:\users\user\documents\thetis-2.9.0\wd5y_thetis_new_2023\thetis_wd5y_may_2023\thetis-2.9.0-master_wd5y-5.21.23\thetis-2.9.0-master\project files\lib\portaudio\msvc\x64\debug\pa_win_wdmks_utils.obj
c:\users\user\documents\thetis-2.9.0\wd5y_thetis_new_2023\thetis_wd5y_may_2023\thetis-2.9.0-master_wd5y-5.21.23\thetis-2.9.0-master\project files\lib\portaudio\msvc\x64\debug\pa_asio.obj
c:\users\user\documents\thetis-2.9.0\wd5y_thetis_new_2023\thetis_wd5y_may_2023\thetis-2.9.0-master_wd5y-5.21.23\thetis-2.9.0-master\project files\lib\portaudio\msvc\x64\debug\asiolist.obj
c:\users\user\documents\thetis-2.9.0\wd5y_thetis_new_2023\thetis_wd5y_may_2023\thetis-2.9.0-master_wd5y-5.21.23\thetis-2.9.0-master\project files\lib\portaudio\msvc\x64\debug\asiodrivers.obj
c:\users\user\documents\thetis-2.9.0\wd5y_thetis_new_2023\thetis_wd5y_may_2023\thetis-2.9.0-master_wd5y-5.21.23\thetis-2.9.0-master\project files\lib\portaudio\msvc\x64\debug\asio.obj
c:\users\user\documents\thetis-2.9.0\wd5y_thetis_new_2023\thetis_wd5y_may_2023\thetis-2.9.0-master_wd5y-5.21.23\thetis-2.9.0-master\project files\lib\portaudio\msvc\x64\debug\portaudio.ilk
c:\users\user\documents\thetis-2.9.0\wd5y_thetis_new_2023\thetis_wd5y_may_2023\thetis-2.9.0-master_wd5y-5.21.23\thetis-2.9.0-master\project files\bin\x64\debug\portaudio.dll
c:\users\user\documents\thetis-2.9.0\wd5y_thetis_new_2023\thetis_wd5y_may_2023\thetis-2.9.0-master_wd5y-5.21.23\thetis-2.9.0-master\project files\bin\x64\debug\portaudio.lib
c:\users\user\documents\thetis-2.9.0\wd5y_thetis_new_2023\thetis_wd5y_may_2023\thetis-2.9.0-master_wd5y-5.21.23\thetis-2.9.0-master\project files\bin\x64\debug\portaudio.exp
c:\users\user\documents\thetis-2.9.0\wd5y_thetis_new_2023\thetis_wd5y_may_2023\thetis-2.9.0-master_wd5y-5.21.23\thetis-2.9.0-master\project files\lib\portaudio\msvc\x64\debug\portaudio.tlog\cl.command.1.tlog
c:\users\user\documents\thetis-2.9.0\wd5y_thetis_new_2023\thetis_wd5y_may_2023\thetis-2.9.0-master_wd5y-5.21.23\thetis-2.9.0-master\project files\lib\portaudio\msvc\x64\debug\portaudio.tlog\cl.items.tlog
c:\users\user\documents\thetis-2.9.0\wd5y_thetis_new_2023\thetis_wd5y_may_2023\thetis-2.9.0-master_wd5y-5.21.23\thetis-2.9.0-master\project files\lib\portaudio\msvc\x64\debug\portaudio.tlog\cl.read.1.tlog
c:\users\user\documents\thetis-2.9.0\wd5y_thetis_new_2023\thetis_wd5y_may_2023\thetis-2.9.0-master_wd5y-5.21.23\thetis-2.9.0-master\project files\lib\portaudio\msvc\x64\debug\portaudio.tlog\cl.write.1.tlog
c:\users\user\documents\thetis-2.9.0\wd5y_thetis_new_2023\thetis_wd5y_may_2023\thetis-2.9.0-master_wd5y-5.21.23\thetis-2.9.0-master\project files\lib\portaudio\msvc\x64\debug\portaudio.tlog\link.command.1.tlog
c:\users\user\documents\thetis-2.9.0\wd5y_thetis_new_2023\thetis_wd5y_may_2023\thetis-2.9.0-master_wd5y-5.21.23\thetis-2.9.0-master\project files\lib\portaudio\msvc\x64\debug\portaudio.tlog\link.read.1.tlog
c:\users\user\documents\thetis-2.9.0\wd5y_thetis_new_2023\thetis_wd5y_may_2023\thetis-2.9.0-master_wd5y-5.21.23\thetis-2.9.0-master\project files\lib\portaudio\msvc\x64\debug\portaudio.tlog\link.write.1.tlog
c:\users\user\documents\thetis-2.9.0\wd5y_thetis_new_2023\thetis_wd5y_may_2023\thetis-2.9.0-master_wd5y-5.21.23\thetis-2.9.0-master\project files\lib\portaudio\msvc\x64\debug\portaudio.tlog\link.write.2u.tlog
